生成启动时间为 2015/5/12 8:40:38。
     1>项目“F:\program_work\MaJiang\Majiang\proj.win32\Mahjong.vcxproj”在节点 2 上(Build 个目标)。
     1>ClCompile:
         D:\Program Files\Microsoft Visual Studio 12.0\VC\bin\CL.exe /c /I"D:\Cocos\frameworks\cocos2d-x-3.5\cocos\audio\include" /I"D:\Cocos\frameworks\cocos2d-x-3.5\external" /I"D:\Cocos\frameworks\cocos2d-x-3.5\external\chipmunk\include\chipmunk" /I"D:\Cocos\frameworks\cocos2d-x-3.5\extensions" /I..\Classes /I.. /I"D:\Cocos\frameworks\cocos2d-x-3.5\cocos\2d\..\..\cocos\editor-support" /I"D:\Cocos\frameworks\cocos2d-x-3.5\cocos\2d\..\..\cocos" /I"D:\Cocos\frameworks\cocos2d-x-3.5\cocos\2d\..\..\cocos\platform" /I"D:\Cocos\frameworks\cocos2d-x-3.5\cocos\2d\..\..\cocos\platform\desktop" /I"D:\Cocos\frameworks\cocos2d-x-3.5\cocos\2d\..\..\external\glfw3\include\win32" /I"D:\Cocos\frameworks\cocos2d-x-3.5\cocos\2d\..\..\external\win32-specific\gles\include\OGLES" /I"D:\Cocos\frameworks\cocos2d-x-3.5\cocos\2d\..\..\external\curl\include\win32" /ZI /nologo /W3 /WX- /MP /Od /Oy- /D WIN32 /D _WINDOWS /D _USE_MATH_DEFINES /D GL_GLEXT_PROTOTYPES /D CC_ENABLE_CHIPMUNK_INTEGRATION=1 /D COCOS2D_DEBUG=1 /D _CRT_SECURE_NO_WARNINGS /D _SCL_SECURE_NO_WARNINGS /D _VARIADIC_MAX=10 /D _UNICODE /D UNICODE /Gm- /EHsc /RTC1 /MD /GS /fp:precise /Zc:wchar_t /Zc:forScope /Fo"Debug.win32\\" /Fd"Debug.win32\vc120.pdb" /Gd /TP /wd4267 /wd4251 /wd4244 /analyze- /errorReport:prompt ..\Classes\MallScene.cpp ..\Classes\StateLayer.cpp
         MallScene.cpp
         StateLayer.cpp
     1>d:\cocos\frameworks\cocos2d-x-3.5\cocos\physics\ccphysicsjoint.h : warning C4819: 该文件包含不能在当前代码页(936)中表示的字符。请将该文件保存为 Unicode 格式以防止数据丢失 (..\Classes\MallScene.cpp)
     1>d:\cocos\frameworks\cocos2d-x-3.5\cocos\physics\ccphysicsjoint.h : warning C4819: 该文件包含不能在当前代码页(936)中表示的字符。请将该文件保存为 Unicode 格式以防止数据丢失 (..\Classes\StateLayer.cpp)
     1>f:\program_work\majiang\majiang\classes\statelayer.cpp(68): warning C4996: 'cocos2d::String': 被声明为已否决
                 d:\cocos\frameworks\cocos2d-x-3.5\cocos\deprecated\ccdeprecated.h(1051) : 参见“cocos2d::String”的声明
                 d:\cocos\frameworks\cocos2d-x-3.5\cocos\deprecated\ccdeprecated.h(1051) : 参见“cocos2d::String”的声明
     1>f:\program_work\majiang\majiang\classes\statelayer.cpp(91): warning C4996: 'cocos2d::ui::Text::setText': 被声明为已否决
                 d:\cocos\frameworks\cocos2d-x-3.5\cocos\ui\uitext.h(97) : 参见“cocos2d::ui::Text::setText”的声明
     1>f:\program_work\majiang\majiang\classes\statelayer.cpp(101): warning C4996: 'cocos2d::ui::Text::setText': 被声明为已否决
                 d:\cocos\frameworks\cocos2d-x-3.5\cocos\ui\uitext.h(97) : 参见“cocos2d::ui::Text::setText”的声明
     1>f:\program_work\majiang\majiang\classes\statelayer.cpp(105): warning C4996: 'cocos2d::ui::Text::setText': 被声明为已否决
                 d:\cocos\frameworks\cocos2d-x-3.5\cocos\ui\uitext.h(97) : 参见“cocos2d::ui::Text::setText”的声明
     1>f:\program_work\majiang\majiang\classes\mallscene.cpp(47): warning C4305: “参数”: 从“double”到“float”截断
     1>f:\program_work\majiang\majiang\classes\mallscene.cpp(249): warning C4996: 'cocos2d::ui::Text::setText': 被声明为已否决
                 d:\cocos\frameworks\cocos2d-x-3.5\cocos\ui\uitext.h(97) : 参见“cocos2d::ui::Text::setText”的声明
     1>f:\program_work\majiang\majiang\classes\mallscene.cpp(251): warning C4996: 'cocos2d::ui::Text::setText': 被声明为已否决
                 d:\cocos\frameworks\cocos2d-x-3.5\cocos\ui\uitext.h(97) : 参见“cocos2d::ui::Text::setText”的声明
       PreLinkEvent:
         if not exist "F:\program_work\MaJiang\Majiang\proj.win32\Debug.win32\" mkdir "F:\program_work\MaJiang\Majiang\proj.win32\Debug.win32\"
         xcopy /Y /Q "D:\Cocos\frameworks\cocos2d-x-3.5\prebuilt\win32\*.*" "F:\program_work\MaJiang\Majiang\proj.win32\Debug.win32\"
         xcopy "F:\program_work\MaJiang\Majiang\proj.win32\..\Resources" "F:\program_work\MaJiang\Majiang\proj.win32\Debug.win32\" /D /E /I /F /Y
         
         :VCEnd
         复制了 51 个文件
         复制了 0 个文件
       Link:
         D:\Program Files\Microsoft Visual Studio 12.0\VC\bin\link.exe /ERRORREPORT:PROMPT /OUT:"F:\program_work\MaJiang\Majiang\proj.win32\Debug.win32\Mahjong.exe" /INCREMENTAL /NOLOGO /LIBPATH:F:\program_work\MaJiang\Majiang\proj.win32\Debug.win32\ /LIBPATH:F:\program_work\MaJiang\Majiang\proj.win32\Debug.win32\ opengl32.lib glew32.lib libzlib.lib libpng.lib libjpeg.lib libtiff.lib libwebp.lib libiconv.lib glfw3.lib freetype250.lib winmm.lib ws2_32.lib libchipmunk.lib kernel32.lib user32.lib gdi32.lib winspool.lib comdlg32.lib advapi32.lib shell32.lib ole32.lib oleaut32.lib uuid.lib odbc32.lib odbccp32.lib libcurl_imp.lib /MANIFEST /MANIFESTUAC:"level='asInvoker' uiAccess='false'" /manifest:embed /DEBUG /PDB:"F:\program_work\MaJiang\Majiang\proj.win32\Debug.win32\Mahjong.pdb" /SUBSYSTEM:WINDOWS /TLBID:1 /DYNAMICBASE /NXCOMPAT /IMPLIB:"F:\program_work\MaJiang\Majiang\proj.win32\Debug.win32\Mahjong.lib" /MACHINE:X86 /SAFESEH Debug.win32\game.res
         Debug.win32\AppDelegate.obj
         Debug.win32\CCLogin.obj
         Debug.win32\HelloWorldScene.obj
         Debug.win32\CCLoginReader.obj
         Debug.win32\LevelScene.obj
         Debug.win32\MallScene.obj
         Debug.win32\PlayerInfoLayer.obj
         Debug.win32\SelectEntryScene.obj
         Debug.win32\StateLayer.obj
         Debug.win32\StaticData.obj
         Debug.win32\UserData.obj
         Debug.win32\main.obj
     1>AppDelegate.obj : warning LNK4075: 忽略“/EDITANDCONTINUE”(由于“/SAFESEH”规范)
            正在创建库 F:\program_work\MaJiang\Majiang\proj.win32\Debug.win32\Mahjong.lib 和对象 F:\program_work\MaJiang\Majiang\proj.win32\Debug.win32\Mahjong.exp
         Mahjong.vcxproj -> F:\program_work\MaJiang\Majiang\proj.win32\Debug.win32\Mahjong.exe
     1>已完成生成项目“F:\program_work\MaJiang\Majiang\proj.win32\Mahjong.vcxproj”(Build 个目标)的操作。

生成成功。

已用时间 00:00:26.50
